2013-11-04 08:50:27,088 - [INFO] - from play in main 
Listening for HTTP on /0:0:0:0:0:0:0:0:9000

2013-11-04 08:52:50,438 - [INFO] - from play in play-internal-execution-context-1 
Application started (Dev)

2013-11-04 09:12:20,812 - [ERROR] - from application in New I/O worker #1 


! @6g6j4i7p3 - Internal server error, for (GET) [/] ->

sbt.PlayExceptions$CompilationException: Compilation error[object Aplication is not a member of package controllers]
	at sbt.PlayReloader$$anon$1$$anonfun$reload$2$$anonfun$apply$15$$anonfun$apply$16.apply(PlayReloader.scala:335) ~[na:na]
	at sbt.PlayReloader$$anon$1$$anonfun$reload$2$$anonfun$apply$15$$anonfun$apply$16.apply(PlayReloader.scala:335) ~[na:na]
	at scala.Option.map(Option.scala:133) ~[scala-library.jar:na]
	at sbt.PlayReloader$$anon$1$$anonfun$reload$2$$anonfun$apply$15.apply(PlayReloader.scala:335) ~[na:na]
	at sbt.PlayReloader$$anon$1$$anonfun$reload$2$$anonfun$apply$15.apply(PlayReloader.scala:332) ~[na:na]
	at scala.Option.map(Option.scala:133) ~[scala-library.jar:na]
	at sbt.PlayReloader$$anon$1$$anonfun$reload$2.apply(PlayReloader.scala:332) ~[na:na]
	at sbt.PlayReloader$$anon$1$$anonfun$reload$2.apply(PlayReloader.scala:330) ~[na:na]
	at scala.Either$LeftProjection.map(Either.scala:374) ~[na:na]
	at sbt.PlayReloader$$anon$1.reload(PlayReloader.scala:330) ~[na:na]
	at play.core.ReloadableApplication$$anonfun$get$1.apply(ApplicationProvider.scala:106) ~[play_2.10.jar:2.1.4]
	at play.core.ReloadableApplication$$anonfun$get$1.apply(ApplicationProvider.scala:104) ~[play_2.10.jar:2.1.4]
	at scala.concurrent.impl.Future$PromiseCompletingRunnable.liftedTree1$1(Future.scala:24) ~[scala-library.jar:na]
	at scala.concurrent.impl.Future$PromiseCompletingRunnable.run(Future.scala:24) ~[scala-library.jar:na]
	at java.util.concurrent.ThreadPoolExecutor.runWorker(Unknown Source) [na:1.7.0_40]
	at java.util.concurrent.ThreadPoolExecutor$Worker.run(Unknown Source) [na:1.7.0_40]
	at java.lang.Thread.run(Unknown Source) [na:1.7.0_40]

2013-11-04 09:12:48,528 - [ERROR] - from application in New I/O worker #1 


! @6g6j4jn1l - Internal server error, for (GET) [/tasks] ->

sbt.PlayExceptions$CompilationException: Compilation error[object Aplication is not a member of package controllers]
	at sbt.PlayReloader$$anon$1$$anonfun$reload$2$$anonfun$apply$15$$anonfun$apply$16.apply(PlayReloader.scala:335) ~[na:na]
	at sbt.PlayReloader$$anon$1$$anonfun$reload$2$$anonfun$apply$15$$anonfun$apply$16.apply(PlayReloader.scala:335) ~[na:na]
	at scala.Option.map(Option.scala:133) ~[scala-library.jar:na]
	at sbt.PlayReloader$$anon$1$$anonfun$reload$2$$anonfun$apply$15.apply(PlayReloader.scala:335) ~[na:na]
	at sbt.PlayReloader$$anon$1$$anonfun$reload$2$$anonfun$apply$15.apply(PlayReloader.scala:332) ~[na:na]
	at scala.Option.map(Option.scala:133) ~[scala-library.jar:na]
	at sbt.PlayReloader$$anon$1$$anonfun$reload$2.apply(PlayReloader.scala:332) ~[na:na]
	at sbt.PlayReloader$$anon$1$$anonfun$reload$2.apply(PlayReloader.scala:330) ~[na:na]
	at scala.Either$LeftProjection.map(Either.scala:374) ~[na:na]
	at sbt.PlayReloader$$anon$1.reload(PlayReloader.scala:330) ~[na:na]
	at play.core.ReloadableApplication$$anonfun$get$1.apply(ApplicationProvider.scala:106) ~[play_2.10.jar:2.1.4]
	at play.core.ReloadableApplication$$anonfun$get$1.apply(ApplicationProvider.scala:104) ~[play_2.10.jar:2.1.4]
	at scala.concurrent.impl.Future$PromiseCompletingRunnable.liftedTree1$1(Future.scala:24) ~[scala-library.jar:na]
	at scala.concurrent.impl.Future$PromiseCompletingRunnable.run(Future.scala:24) ~[scala-library.jar:na]
	at java.util.concurrent.ThreadPoolExecutor.runWorker(Unknown Source) [na:1.7.0_40]
	at java.util.concurrent.ThreadPoolExecutor$Worker.run(Unknown Source) [na:1.7.0_40]
	at java.lang.Thread.run(Unknown Source) [na:1.7.0_40]

2013-11-04 09:14:43,383 - [ERROR] - from application in New I/O worker #1 


! @6g6j50apf - Internal server error, for (GET) [/tasks] ->

sbt.PlayExceptions$CompilationException: Compilation error[error: ';' expected]
	at sbt.PlayReloader$$anon$1$$anonfun$reload$2$$anonfun$apply$15$$anonfun$apply$16.apply(PlayReloader.scala:335) ~[na:na]
	at sbt.PlayReloader$$anon$1$$anonfun$reload$2$$anonfun$apply$15$$anonfun$apply$16.apply(PlayReloader.scala:335) ~[na:na]
	at scala.Option.map(Option.scala:133) ~[scala-library.jar:na]
	at sbt.PlayReloader$$anon$1$$anonfun$reload$2$$anonfun$apply$15.apply(PlayReloader.scala:335) ~[na:na]
	at sbt.PlayReloader$$anon$1$$anonfun$reload$2$$anonfun$apply$15.apply(PlayReloader.scala:332) ~[na:na]
	at scala.Option.map(Option.scala:133) ~[scala-library.jar:na]
	at sbt.PlayReloader$$anon$1$$anonfun$reload$2.apply(PlayReloader.scala:332) ~[na:na]
	at sbt.PlayReloader$$anon$1$$anonfun$reload$2.apply(PlayReloader.scala:330) ~[na:na]
	at scala.Either$LeftProjection.map(Either.scala:374) ~[na:na]
	at sbt.PlayReloader$$anon$1.reload(PlayReloader.scala:330) ~[na:na]
	at play.core.ReloadableApplication$$anonfun$get$1.apply(ApplicationProvider.scala:106) ~[play_2.10.jar:2.1.4]
	at play.core.ReloadableApplication$$anonfun$get$1.apply(ApplicationProvider.scala:104) ~[play_2.10.jar:2.1.4]
	at scala.concurrent.impl.Future$PromiseCompletingRunnable.liftedTree1$1(Future.scala:24) ~[scala-library.jar:na]
	at scala.concurrent.impl.Future$PromiseCompletingRunnable.run(Future.scala:24) ~[scala-library.jar:na]
	at java.util.concurrent.ThreadPoolExecutor.runWorker(Unknown Source) [na:1.7.0_40]
	at java.util.concurrent.ThreadPoolExecutor$Worker.run(Unknown Source) [na:1.7.0_40]
	at java.lang.Thread.run(Unknown Source) [na:1.7.0_40]

2013-11-04 09:20:01,186 - [ERROR] - from application in New I/O worker #1 


! @6g6j5id2i - Internal server error, for (GET) [/tasks] ->

sbt.PlayExceptions$CompilationException: Compilation error[`{' expected but identifier found.]
	at sbt.PlayReloader$$anon$1$$anonfun$reload$2$$anonfun$apply$15$$anonfun$apply$16.apply(PlayReloader.scala:335) ~[na:na]
	at sbt.PlayReloader$$anon$1$$anonfun$reload$2$$anonfun$apply$15$$anonfun$apply$16.apply(PlayReloader.scala:335) ~[na:na]
	at scala.Option.map(Option.scala:133) ~[scala-library.jar:na]
	at sbt.PlayReloader$$anon$1$$anonfun$reload$2$$anonfun$apply$15.apply(PlayReloader.scala:335) ~[na:na]
	at sbt.PlayReloader$$anon$1$$anonfun$reload$2$$anonfun$apply$15.apply(PlayReloader.scala:332) ~[na:na]
	at scala.Option.map(Option.scala:133) ~[scala-library.jar:na]
	at sbt.PlayReloader$$anon$1$$anonfun$reload$2.apply(PlayReloader.scala:332) ~[na:na]
	at sbt.PlayReloader$$anon$1$$anonfun$reload$2.apply(PlayReloader.scala:330) ~[na:na]
	at scala.Either$LeftProjection.map(Either.scala:374) ~[na:na]
	at sbt.PlayReloader$$anon$1.reload(PlayReloader.scala:330) ~[na:na]
	at play.core.ReloadableApplication$$anonfun$get$1.apply(ApplicationProvider.scala:106) ~[play_2.10.jar:2.1.4]
	at play.core.ReloadableApplication$$anonfun$get$1.apply(ApplicationProvider.scala:104) ~[play_2.10.jar:2.1.4]
	at scala.concurrent.impl.Future$PromiseCompletingRunnable.liftedTree1$1(Future.scala:24) ~[scala-library.jar:na]
	at scala.concurrent.impl.Future$PromiseCompletingRunnable.run(Future.scala:24) ~[scala-library.jar:na]
	at java.util.concurrent.ThreadPoolExecutor.runWorker(Unknown Source) [na:1.7.0_40]
	at java.util.concurrent.ThreadPoolExecutor$Worker.run(Unknown Source) [na:1.7.0_40]
	at java.lang.Thread.run(Unknown Source) [na:1.7.0_40]

2013-11-04 09:20:21,502 - [ERROR] - from application in New I/O worker #1 


! @6g6j5jh45 - Internal server error, for (GET) [/tasks] ->

sbt.PlayExceptions$CompilationException: Compilation error[not found: type Model]
	at sbt.PlayReloader$$anon$1$$anonfun$reload$2$$anonfun$apply$15$$anonfun$apply$16.apply(PlayReloader.scala:335) ~[na:na]
	at sbt.PlayReloader$$anon$1$$anonfun$reload$2$$anonfun$apply$15$$anonfun$apply$16.apply(PlayReloader.scala:335) ~[na:na]
	at scala.Option.map(Option.scala:133) ~[scala-library.jar:na]
	at sbt.PlayReloader$$anon$1$$anonfun$reload$2$$anonfun$apply$15.apply(PlayReloader.scala:335) ~[na:na]
	at sbt.PlayReloader$$anon$1$$anonfun$reload$2$$anonfun$apply$15.apply(PlayReloader.scala:332) ~[na:na]
	at scala.Option.map(Option.scala:133) ~[scala-library.jar:na]
	at sbt.PlayReloader$$anon$1$$anonfun$reload$2.apply(PlayReloader.scala:332) ~[na:na]
	at sbt.PlayReloader$$anon$1$$anonfun$reload$2.apply(PlayReloader.scala:330) ~[na:na]
	at scala.Either$LeftProjection.map(Either.scala:374) ~[na:na]
	at sbt.PlayReloader$$anon$1.reload(PlayReloader.scala:330) ~[na:na]
	at play.core.ReloadableApplication$$anonfun$get$1.apply(ApplicationProvider.scala:106) ~[play_2.10.jar:2.1.4]
	at play.core.ReloadableApplication$$anonfun$get$1.apply(ApplicationProvider.scala:104) ~[play_2.10.jar:2.1.4]
	at scala.concurrent.impl.Future$PromiseCompletingRunnable.liftedTree1$1(Future.scala:24) ~[scala-library.jar:na]
	at scala.concurrent.impl.Future$PromiseCompletingRunnable.run(Future.scala:24) ~[scala-library.jar:na]
	at java.util.concurrent.ThreadPoolExecutor.runWorker(Unknown Source) [na:1.7.0_40]
	at java.util.concurrent.ThreadPoolExecutor$Worker.run(Unknown Source) [na:1.7.0_40]
	at java.lang.Thread.run(Unknown Source) [na:1.7.0_40]

